<?xml version="1.0" encoding="UTF-8"?>
<!-- Generated by org.testng.reporters.JUnitXMLReporter -->
<testsuite ignored="0" hostname="DESKTOP-93ADINM" failures="0" tests="8" name="Test" time="81.923" errors="0" timestamp="2023-04-12T12:47:44 EDT">
  <testcase classname="testSelenium.TestNG_DemoCart_Verify_Add_WishList" name="demoCartVerifyWishList" time="13.741"/>
  <testcase classname="testSelenium.TestNG_DemoCart_Verify_Search_Bar" name="demoCartSearchBarTest" time="14.063"/>
  <testcase classname="testSelenium.TestNG_DemoCart_Verify_Add_Cart" name="demoCartVerifyAddCartTest" time="15.607"/>
  <testcase classname="testSelenium.TestNg_DemoCart_Verify_Cart_Total" name="demoCartVerifyCartTotal" time="22.996"/>
  <testcase classname="testSelenium.TestNG_DemoCart_Verify_DemoCart_Plus" name="demoCartPlusTest" time="23.006"/>
  <testcase classname="testSelenium.TestNG_DemoCart_Verify_Contact_Form" name="demoCartVerifyContactForm" time="29.459"/>
  <testcase classname="testSelenium.TestNG_DemoCart_Verify_Checkout" name="demoCartVerifyCheckoutTest" time="31.596"/>
  <testcase classname="testSelenium.TestNG_DemoCart_Verify_Media_Links" name="demoCartVerifyMediaLinksTest" time="47.393"/>
</testsuite> <!-- Test -->
