<?xml version="1.0" encoding="UTF-8"?>
<testng-results ignored="0" total="8" passed="8" failed="0" skipped="0">
  <reporter-output>
  </reporter-output>
  <suite started-at="2023-04-12T12:46:22 EDT" name="Suite" finished-at="2023-04-12T12:47:44 EDT" duration-ms="81923">
    <groups>
    </groups>
    <test started-at="2023-04-12T12:46:22 EDT" name="Test" finished-at="2023-04-12T12:47:44 EDT" duration-ms="81923">
      <class name="testSelenium.TestNG_DemoCart_Verify_Contact_Form">
        <test-method is-config="true" signature="setUpTest()[pri:0, instance:testSelenium.TestNG_DemoCart_Verify_Contact_Form@123ef382]" started-at="2023-04-12T12:46:31 EDT" name="setUpTest" finished-at="2023-04-12T12:46:34 EDT" duration-ms="2766" status="PASS">
          <reporter-output>
          </reporter-output>
        </test-method> <!-- setUpTest -->
        <test-method signature="demoCartVerifyContactForm()[pri:0, instance:testSelenium.TestNG_DemoCart_Verify_Contact_Form@123ef382]" started-at="2023-04-12T12:46:47 EDT" name="demoCartVerifyContactForm" finished-at="2023-04-12T12:47:16 EDT" duration-ms="29459" status="PASS">
          <reporter-output>
          </reporter-output>
        </test-method> <!-- demoCartVerifyContactForm -->
        <test-method is-config="true" signature="tearDownTest()[pri:0, instance:testSelenium.TestNG_DemoCart_Verify_Contact_Form@123ef382]" started-at="2023-04-12T12:47:37 EDT" name="tearDownTest" finished-at="2023-04-12T12:47:38 EDT" duration-ms="1044" status="PASS">
          <reporter-output>
          </reporter-output>
        </test-method> <!-- tearDownTest -->
      </class> <!-- testSelenium.TestNG_DemoCart_Verify_Contact_Form -->
      <class name="testSelenium.TestNG_DemoCart_Verify_Checkout">
        <test-method is-config="true" signature="setUpTest()[pri:0, instance:testSelenium.TestNG_DemoCart_Verify_Checkout@1d9b7cce]" started-at="2023-04-12T12:46:28 EDT" name="setUpTest" finished-at="2023-04-12T12:46:31 EDT" duration-ms="2784" status="PASS">
          <reporter-output>
          </reporter-output>
        </test-method> <!-- setUpTest -->
        <test-method signature="demoCartVerifyCheckoutTest()[pri:0, instance:testSelenium.TestNG_DemoCart_Verify_Checkout@1d9b7cce]" started-at="2023-04-12T12:46:47 EDT" name="demoCartVerifyCheckoutTest" finished-at="2023-04-12T12:47:18 EDT" duration-ms="31596" status="PASS">
          <reporter-output>
          </reporter-output>
        </test-method> <!-- demoCartVerifyCheckoutTest -->
        <test-method is-config="true" signature="tearDownTest()[pri:0, instance:testSelenium.TestNG_DemoCart_Verify_Checkout@1d9b7cce]" started-at="2023-04-12T12:47:36 EDT" name="tearDownTest" finished-at="2023-04-12T12:47:37 EDT" duration-ms="1023" status="PASS">
          <reporter-output>
          </reporter-output>
        </test-method> <!-- tearDownTest -->
      </class> <!-- testSelenium.TestNG_DemoCart_Verify_Checkout -->
      <class name="testSelenium.TestNG_DemoCart_Verify_Add_Cart">
        <test-method is-config="true" signature="setUpTest()[pri:0, instance:testSelenium.TestNG_DemoCart_Verify_Add_Cart@384ad17b]" started-at="2023-04-12T12:46:22 EDT" name="setUpTest" finished-at="2023-04-12T12:46:26 EDT" duration-ms="3718" status="PASS">
          <reporter-output>
          </reporter-output>
        </test-method> <!-- setUpTest -->
        <test-method signature="demoCartVerifyAddCartTest()[pri:0, instance:testSelenium.TestNG_DemoCart_Verify_Add_Cart@384ad17b]" started-at="2023-04-12T12:46:47 EDT" name="demoCartVerifyAddCartTest" finished-at="2023-04-12T12:47:02 EDT" duration-ms="15607" status="PASS">
          <reporter-output>
          </reporter-output>
        </test-method> <!-- demoCartVerifyAddCartTest -->
        <test-method is-config="true" signature="tearDownTest()[pri:0, instance:testSelenium.TestNG_DemoCart_Verify_Add_Cart@384ad17b]" started-at="2023-04-12T12:47:34 EDT" name="tearDownTest" finished-at="2023-04-12T12:47:35 EDT" duration-ms="1295" status="PASS">
          <reporter-output>
          </reporter-output>
        </test-method> <!-- tearDownTest -->
      </class> <!-- testSelenium.TestNG_DemoCart_Verify_Add_Cart -->
      <class name="testSelenium.TestNG_DemoCart_Verify_Add_WishList">
        <test-method is-config="true" signature="setUpTest()[pri:0, instance:testSelenium.TestNG_DemoCart_Verify_Add_WishList@43195e57]" started-at="2023-04-12T12:46:26 EDT" name="setUpTest" finished-at="2023-04-12T12:46:28 EDT" duration-ms="2645" status="PASS">
          <reporter-output>
          </reporter-output>
        </test-method> <!-- setUpTest -->
        <test-method signature="demoCartVerifyWishList()[pri:0, instance:testSelenium.TestNG_DemoCart_Verify_Add_WishList@43195e57]" started-at="2023-04-12T12:46:47 EDT" name="demoCartVerifyWishList" finished-at="2023-04-12T12:47:00 EDT" duration-ms="13741" status="PASS">
          <reporter-output>
          </reporter-output>
        </test-method> <!-- demoCartVerifyWishList -->
        <test-method is-config="true" signature="tearDownTest()[pri:0, instance:testSelenium.TestNG_DemoCart_Verify_Add_WishList@43195e57]" started-at="2023-04-12T12:47:35 EDT" name="tearDownTest" finished-at="2023-04-12T12:47:36 EDT" duration-ms="960" status="PASS">
          <reporter-output>
          </reporter-output>
        </test-method> <!-- tearDownTest -->
      </class> <!-- testSelenium.TestNG_DemoCart_Verify_Add_WishList -->
      <class name="testSelenium.TestNG_DemoCart_Verify_Search_Bar">
        <test-method is-config="true" signature="setUpTest()[pri:0, instance:testSelenium.TestNG_DemoCart_Verify_Search_Bar@dbf57b3]" started-at="2023-04-12T12:46:41 EDT" name="setUpTest" finished-at="2023-04-12T12:46:44 EDT" duration-ms="3044" status="PASS">
          <reporter-output>
          </reporter-output>
        </test-method> <!-- setUpTest -->
        <test-method signature="demoCartSearchBarTest()[pri:0, instance:testSelenium.TestNG_DemoCart_Verify_Search_Bar@dbf57b3]" started-at="2023-04-12T12:46:47 EDT" name="demoCartSearchBarTest" finished-at="2023-04-12T12:47:01 EDT" duration-ms="14063" status="PASS">
          <reporter-output>
          </reporter-output>
        </test-method> <!-- demoCartSearchBarTest -->
        <test-method is-config="true" signature="tearDownTest()[pri:0, instance:testSelenium.TestNG_DemoCart_Verify_Search_Bar@dbf57b3]" started-at="2023-04-12T12:47:42 EDT" name="tearDownTest" finished-at="2023-04-12T12:47:43 EDT" duration-ms="907" status="PASS">
          <reporter-output>
          </reporter-output>
        </test-method> <!-- tearDownTest -->
      </class> <!-- testSelenium.TestNG_DemoCart_Verify_Search_Bar -->
      <class name="testSelenium.TestNG_DemoCart_Verify_Media_Links">
        <test-method is-config="true" signature="setUpTest()[pri:0, instance:testSelenium.TestNG_DemoCart_Verify_Media_Links@f5ac9e4]" started-at="2023-04-12T12:46:37 EDT" name="setUpTest" finished-at="2023-04-12T12:46:41 EDT" duration-ms="3181" status="PASS">
          <reporter-output>
          </reporter-output>
        </test-method> <!-- setUpTest -->
        <test-method signature="demoCartVerifyMediaLinksTest()[pri:0, instance:testSelenium.TestNG_DemoCart_Verify_Media_Links@f5ac9e4]" started-at="2023-04-12T12:46:47 EDT" name="demoCartVerifyMediaLinksTest" finished-at="2023-04-12T12:47:34 EDT" duration-ms="47393" status="PASS">
          <reporter-output>
          </reporter-output>
        </test-method> <!-- demoCartVerifyMediaLinksTest -->
        <test-method is-config="true" signature="tearDownTest()[pri:0, instance:testSelenium.TestNG_DemoCart_Verify_Media_Links@f5ac9e4]" started-at="2023-04-12T12:47:40 EDT" name="tearDownTest" finished-at="2023-04-12T12:47:42 EDT" duration-ms="2482" status="PASS">
          <reporter-output>
          </reporter-output>
        </test-method> <!-- tearDownTest -->
      </class> <!-- testSelenium.TestNG_DemoCart_Verify_Media_Links -->
      <class name="testSelenium.TestNg_DemoCart_Verify_Cart_Total">
        <test-method is-config="true" signature="setUpTest()[pri:0, instance:testSelenium.TestNg_DemoCart_Verify_Cart_Total@61862a7f]" started-at="2023-04-12T12:46:44 EDT" name="setUpTest" finished-at="2023-04-12T12:46:47 EDT" duration-ms="3016" status="PASS">
          <reporter-output>
          </reporter-output>
        </test-method> <!-- setUpTest -->
        <test-method signature="demoCartVerifyCartTotal()[pri:0, instance:testSelenium.TestNg_DemoCart_Verify_Cart_Total@61862a7f]" started-at="2023-04-12T12:46:47 EDT" name="demoCartVerifyCartTotal" finished-at="2023-04-12T12:47:10 EDT" duration-ms="22996" status="PASS">
          <reporter-output>
          </reporter-output>
        </test-method> <!-- demoCartVerifyCartTotal -->
        <test-method is-config="true" signature="tearDownTest()[pri:0, instance:testSelenium.TestNg_DemoCart_Verify_Cart_Total@61862a7f]" started-at="2023-04-12T12:47:43 EDT" name="tearDownTest" finished-at="2023-04-12T12:47:44 EDT" duration-ms="932" status="PASS">
          <reporter-output>
          </reporter-output>
        </test-method> <!-- tearDownTest -->
      </class> <!-- testSelenium.TestNg_DemoCart_Verify_Cart_Total -->
      <class name="testSelenium.TestNG_DemoCart_Verify_DemoCart_Plus">
        <test-method is-config="true" signature="setUpTest()[pri:0, instance:testSelenium.TestNG_DemoCart_Verify_DemoCart_Plus@59fd97a8]" started-at="2023-04-12T12:46:34 EDT" name="setUpTest" finished-at="2023-04-12T12:46:37 EDT" duration-ms="3498" status="PASS">
          <reporter-output>
          </reporter-output>
        </test-method> <!-- setUpTest -->
        <test-method signature="demoCartPlusTest()[pri:0, instance:testSelenium.TestNG_DemoCart_Verify_DemoCart_Plus@59fd97a8]" started-at="2023-04-12T12:46:47 EDT" name="demoCartPlusTest" finished-at="2023-04-12T12:47:10 EDT" duration-ms="23006" status="PASS">
          <reporter-output>
          </reporter-output>
        </test-method> <!-- demoCartPlusTest -->
        <test-method is-config="true" signature="tearDownTest()[pri:0, instance:testSelenium.TestNG_DemoCart_Verify_DemoCart_Plus@59fd97a8]" started-at="2023-04-12T12:47:38 EDT" name="tearDownTest" finished-at="2023-04-12T12:47:40 EDT" duration-ms="1196" status="PASS">
          <reporter-output>
          </reporter-output>
        </test-method> <!-- tearDownTest -->
      </class> <!-- testSelenium.TestNG_DemoCart_Verify_DemoCart_Plus -->
    </test> <!-- Test -->
  </suite> <!-- Suite -->
</testng-results>
